# JRE version: Java(TM) SE Runtime Environment (8.0_181-b13) (build 1.8.0_181-b13)
# Java VM: Java HotSpot(TM) 64-Bit Server VM (25.181-b13 mixed mode windows-amd64 compressed oops)
Heap:
 PSYoungGen      total 343040K, used 99280K [0x00000000d5f80000, 0x00000000ec200000, 0x0000000100000000)
  eden space 328192K, 26% used [0x00000000d5f80000,0x00000000db2d6888,0x00000000ea000000)
  from space 14848K, 93% used [0x00000000ea000000,0x00000000ead9d778,0x00000000eae80000)
  to   space 15360K, 0% used [0x00000000eae80000,0x00000000eae80000,0x00000000ebd80000)
 ParOldGen       total 50176K, used 23175K [0x0000000081e00000, 0x0000000084f00000, 0x00000000d5f80000)
  object space 50176K, 46% used [0x0000000081e00000,0x00000000834a1c10,0x0000000084f00000)
 Metaspace       used 42312K, capacity 44276K, committed 44544K, reserved 1087488K
  class space    used 5690K, capacity 6029K, committed 6144K, reserved 1048576K
GC Heap History (10 events):
Event: 11.940 GC heap before
{Heap before GC invocations=9 (full 1):
 PSYoungGen      total 141312K, used 139431K [0x00000000d5f80000, 0x00000000e5480000, 0x0000000100000000)
  eden space 132608K, 100% used [0x00000000d5f80000,0x00000000de100000,0x00000000de100000)
  from space 8704K, 78% used [0x00000000de100000,0x00000000de7a9f48,0x00000000de980000)
  to   space 9216K, 0% used [0x00000000e4b80000,0x00000000e4b80000,0x00000000e5480000)
 ParOldGen       total 50176K, used 7552K [0x0000000081e00000, 0x0000000084f00000, 0x00000000d5f80000)
  object space 50176K, 15% used [0x0000000081e00000,0x0000000082560388,0x0000000084f00000)
 Metaspace       used 27006K, capacity 28082K, committed 28416K, reserved 1073152K
  class space    used 3725K, capacity 3991K, committed 4096K, reserved 1048576K
Event: 11.955 GC heap after
Heap after GC invocations=9 (full 1):
 PSYoungGen      total 239104K, used 9203K [0x00000000d5f80000, 0x00000000e5600000, 0x0000000100000000)
  eden space 229888K, 0% used [0x00000000d5f80000,0x00000000d5f80000,0x00000000e4000000)
  from space 9216K, 99% used [0x00000000e4b80000,0x00000000e547cc40,0x00000000e5480000)
  to   space 11264K, 0% used [0x00000000e4000000,0x00000000e4000000,0x00000000e4b00000)
 ParOldGen       total 50176K, used 10203K [0x0000000081e00000, 0x0000000084f00000, 0x00000000d5f80000)
  object space 50176K, 20% used [0x0000000081e00000,0x00000000827f6d70,0x0000000084f00000)
 Metaspace       used 27006K, capacity 28082K, committed 28416K, reserved 1073152K
  class space    used 3725K, capacity 3991K, committed 4096K, reserved 1048576K
}
Event: 13.850 GC heap before
{Heap before GC invocations=10 (full 1):
 PSYoungGen      total 239104K, used 239091K [0x00000000d5f80000, 0x00000000e5600000, 0x0000000100000000)
  eden space 229888K, 100% used [0x00000000d5f80000,0x00000000e4000000,0x00000000e4000000)
  from space 9216K, 99% used [0x00000000e4b80000,0x00000000e547cc40,0x00000000e5480000)
  to   space 11264K, 0% used [0x00000000e4000000,0x00000000e4000000,0x00000000e4b00000)
 ParOldGen       total 50176K, used 10203K [0x0000000081e00000, 0x0000000084f00000, 0x00000000d5f80000)
  object space 50176K, 20% used [0x0000000081e00000,0x00000000827f6d70,0x0000000084f00000)
 Metaspace       used 32201K, capacity 33606K, committed 33920K, reserved 1079296K
  class space    used 4411K, capacity 4705K, committed 4736K, reserved 1048576K
Event: 13.869 GC heap after
Heap after GC invocations=10 (full 1):
 PSYoungGen      total 241152K, used 11252K [0x00000000d5f80000, 0x00000000ebd80000, 0x0000000100000000)
  eden space 229888K, 0% used [0x00000000d5f80000,0x00000000d5f80000,0x00000000e4000000)
  from space 11264K, 99% used [0x00000000e4000000,0x00000000e4afd260,0x00000000e4b00000)
  to   space 15360K, 0% used [0x00000000eae80000,0x00000000eae80000,0x00000000ebd80000)
 ParOldGen       total 50176K, used 17153K [0x0000000081e00000, 0x0000000084f00000, 0x00000000d5f80000)
  object space 50176K, 34% used [0x0000000081e00000,0x0000000082ec0490,0x0000000084f00000)
 Metaspace       used 32201K, capacity 33606K, committed 33920K, reserved 1079296K
  class space    used 4411K, capacity 4705K, committed 4736K, reserved 1048576K
}
Event: 14.379 GC heap before
{Heap before GC invocations=11 (full 1):
 PSYoungGen      total 241152K, used 57364K [0x00000000d5f80000, 0x00000000ebd80000, 0x0000000100000000)
  eden space 229888K, 20% used [0x00000000d5f80000,0x00000000d8c87fb0,0x00000000e4000000)
  from space 11264K, 99% used [0x00000000e4000000,0x00000000e4afd260,0x00000000e4b00000)
  to   space 15360K, 0% used [0x00000000eae80000,0x00000000eae80000,0x00000000ebd80000)
 ParOldGen       total 50176K, used 17153K [0x0000000081e00000, 0x0000000084f00000, 0x00000000d5f80000)
  object space 50176K, 34% used [0x0000000081e00000,0x0000000082ec0490,0x0000000084f00000)
 Metaspace       used 33909K, capacity 35338K, committed 35456K, reserved 1079296K
  class space    used 4630K, capacity 4915K, committed 4992K, reserved 1048576K
Event: 14.396 GC heap after
Heap after GC invocations=11 (full 1):
 PSYoungGen      total 343552K, used 8364K [0x00000000d5f80000, 0x00000000ec200000, 0x0000000100000000)
  eden space 328192K, 0% used [0x00000000d5f80000,0x00000000d5f80000,0x00000000ea000000)
  from space 15360K, 54% used [0x00000000eae80000,0x00000000eb6ab308,0x00000000ebd80000)
  to   space 14848K, 0% used [0x00000000ea000000,0x00000000ea000000,0x00000000eae80000)
 ParOldGen       total 50176K, used 22841K [0x0000000081e00000, 0x0000000084f00000, 0x00000000d5f80000)
  object space 50176K, 45% used [0x0000000081e00000,0x000000008344e510,0x0000000084f00000)
 Metaspace       used 33909K, capacity 35338K, committed 35456K, reserved 1079296K
  class space    used 4630K, capacity 4915K, committed 4992K, reserved 1048576K
}
Event: 14.396 GC heap before
{Heap before GC invocations=12 (full 2):
 PSYoungGen      total 343552K, used 8364K [0x00000000d5f80000, 0x00000000ec200000, 0x0000000100000000)
  eden space 328192K, 0% used [0x00000000d5f80000,0x00000000d5f80000,0x00000000ea000000)
  from space 15360K, 54% used [0x00000000eae80000,0x00000000eb6ab308,0x00000000ebd80000)
  to   space 14848K, 0% used [0x00000000ea000000,0x00000000ea000000,0x00000000eae80000)
 ParOldGen       total 50176K, used 22841K [0x0000000081e00000, 0x0000000084f00000, 0x00000000d5f80000)
  object space 50176K, 45% used [0x0000000081e00000,0x000000008344e510,0x0000000084f00000)
 Metaspace       used 33909K, capacity 35338K, committed 35456K, reserved 1079296K
  class space    used 4630K, capacity 4915K, committed 4992K, reserved 1048576K
Event: 14.533 GC heap after
Heap after GC invocations=12 (full 2):
 PSYoungGen      total 343552K, used 0K [0x00000000d5f80000, 0x00000000ec200000, 0x0000000100000000)
  eden space 328192K, 0% used [0x00000000d5f80000,0x00000000d5f80000,0x00000000ea000000)
  from space 15360K, 0% used [0x00000000eae80000,0x00000000eae80000,0x00000000ebd80000)
  to   space 14848K, 0% used [0x00000000ea000000,0x00000000ea000000,0x00000000eae80000)
 ParOldGen       total 50176K, used 23167K [0x0000000081e00000, 0x0000000084f00000, 0x00000000d5f80000)
  object space 50176K, 46% used [0x0000000081e00000,0x000000008349fc10,0x0000000084f00000)
 Metaspace       used 33909K, capacity 35338K, committed 35456K, reserved 1079296K
  class space    used 4630K, capacity 4915K, committed 4992K, reserved 1048576K
}
Event: 17.646 GC heap before
{Heap before GC invocations=13 (full 2):
 PSYoungGen      total 343552K, used 328192K [0x00000000d5f80000, 0x00000000ec200000, 0x0000000100000000)
  eden space 328192K, 100% used [0x00000000d5f80000,0x00000000ea000000,0x00000000ea000000)
  from space 15360K, 0% used [0x00000000eae80000,0x00000000eae80000,0x00000000ebd80000)
  to   space 14848K, 0% used [0x00000000ea000000,0x00000000ea000000,0x00000000eae80000)
 ParOldGen       total 50176K, used 23167K [0x0000000081e00000, 0x0000000084f00000, 0x00000000d5f80000)
  object space 50176K, 46% used [0x0000000081e00000,0x000000008349fc10,0x0000000084f00000)
 Metaspace       used 41380K, capacity 43196K, committed 43392K, reserved 1087488K
  class space    used 5548K, capacity 5896K, committed 6016K, reserved 1048576K
Event: 17.663 GC heap after
Heap after GC invocations=13 (full 2):
 PSYoungGen      total 343040K, used 13941K [0x00000000d5f80000, 0x00000000ec200000, 0x0000000100000000)
  eden space 328192K, 0% used [0x00000000d5f80000,0x00000000d5f80000,0x00000000ea000000)
  from space 14848K, 93% used [0x00000000ea000000,0x00000000ead9d778,0x00000000eae80000)
  to   space 15360K, 0% used [0x00000000eae80000,0x00000000eae80000,0x00000000ebd80000)
 ParOldGen       total 50176K, used 23175K [0x0000000081e00000, 0x0000000084f00000, 0x00000000d5f80000)
  object space 50176K, 46% used [0x0000000081e00000,0x00000000834a1c10,0x0000000084f00000)
 Metaspace       used 41380K, capacity 43196K, committed 43392K, reserved 1087488K
  class space    used 5548K, capacity 5896K, committed 6016K, reserved 1048576K
}

